09-05-2026 19:26:13 [INFO] Vista.FrameMenu - Logs limpiados por el usuario hecprooll
09-05-2026 19:26:20 [INFO] Vista.FrameMenu - Usuario hecprooll ha cerrado sesión
09-05-2026 19:27:19 [INFO] Vista.FrameMenu - Usuario hecprooll ha iniciado sesión
09-05-2026 19:27:28 [INFO] Vista.FrameMenu - Usuario hecprooll ha cerrado sesión
09-05-2026 19:27:35 [INFO] Vista.FrameMenu - Usuario pascual ha iniciado sesión
09-05-2026 19:27:38 [INFO] Vista.FrameMenu - Usuario pascual ha cerrado sesión
09-05-2026 19:27:40 [INFO] Vista.FrameMenu - Usuario hecprooll ha iniciado sesión
09-05-2026 19:27:52 [INFO] Vista.FrameMenu - Usuario hecprooll ha cerrado sesión
09-05-2026 19:27:59 [INFO] Vista.FrameMenu - Usuario admin ha iniciado sesión
09-05-2026 19:28:09 [INFO] Vista.FrameMenu - Usuario admin ha cerrado sesión
09-05-2026 21:24:37 [INFO] Vista.FrameMenu - Usuario hecprooll ha iniciado sesión
09-05-2026 21:24:58 [INFO] Vista.FrameMenu - Usuario hecprooll ha cerrado sesión
09-05-2026 21:25:01 [WARN] Vista.FrameLogin - Fallo al iniciar sesión con user asd
09-05-2026 21:25:02 [WARN] Vista.FrameLogin - Fallo al iniciar sesión con user asd
09-05-2026 21:25:03 [WARN] Vista.FrameLogin - Fallo al iniciar sesión con user asd
09-05-2026 21:25:03 [WARN] Vista.FrameLogin - Fallo al iniciar sesión con user asd
09-05-2026 21:25:03 [WARN] Vista.FrameLogin - Fallo al iniciar sesión con user asd
09-05-2026 21:25:03 [WARN] Vista.FrameLogin - Fallo al iniciar sesión con user asd
09-05-2026 21:25:11 [WARN] Vista.FrameLogin - Fallo al iniciar sesión con user asd
09-05-2026 21:25:12 [WARN] Vista.FrameLogin - Fallo al iniciar sesión con user asd
09-05-2026 21:25:12 [WARN] Vista.FrameLogin - Fallo al iniciar sesión con user asd
09-05-2026 21:25:13 [WARN] Vista.FrameLogin - Fallo al iniciar sesión con user asd
09-05-2026 21:25:13 [WARN] Vista.FrameLogin - Fallo al iniciar sesión con user asd
09-05-2026 21:25:13 [WARN] Vista.FrameLogin - Fallo al iniciar sesión con user asd
09-05-2026 21:25:14 [WARN] Vista.FrameLogin - Fallo al iniciar sesión con user asd
09-05-2026 21:25:14 [WARN] Vista.FrameLogin - Fallo al iniciar sesión con user asd
09-05-2026 21:25:15 [WARN] Vista.FrameLogin - Fallo al iniciar sesión con user asd
09-05-2026 21:25:15 [WARN] Vista.FrameLogin - Fallo al iniciar sesión con user asd
09-05-2026 21:25:19 [WARN] Vista.FrameLogin - Fallo al iniciar sesión con user asd
09-05-2026 21:25:21 [WARN] Vista.FrameLogin - Fallo al iniciar sesión con user asd
09-05-2026 21:25:21 [WARN] Vista.FrameLogin - Fallo al iniciar sesión con user asd
09-05-2026 21:25:21 [WARN] Vista.FrameLogin - Fallo al iniciar sesión con user asd
09-05-2026 21:25:22 [WARN] Vista.FrameLogin - Fallo al iniciar sesión con user asd
09-05-2026 21:25:22 [WARN] Vista.FrameLogin - Fallo al iniciar sesión con user asd
09-05-2026 21:25:22 [WARN] Vista.FrameLogin - Fallo al iniciar sesión con user asd
09-05-2026 21:25:22 [WARN] Vista.FrameLogin - Fallo al iniciar sesión con user asd
09-05-2026 21:25:22 [WARN] Vista.FrameLogin - Fallo al iniciar sesión con user asd
09-05-2026 21:25:22 [WARN] Vista.FrameLogin - Fallo al iniciar sesión con user asd
09-05-2026 21:25:23 [WARN] Vista.FrameLogin - Fallo al iniciar sesión con user asd
09-05-2026 21:25:23 [WARN] Vista.FrameLogin - Fallo al iniciar sesión con user asd
09-05-2026 21:25:23 [WARN] Vista.FrameLogin - Fallo al iniciar sesión con user asd
09-05-2026 21:25:23 [WARN] Vista.FrameLogin - Fallo al iniciar sesión con user asd
09-05-2026 21:25:23 [WARN] Vista.FrameLogin - Fallo al iniciar sesión con user asd
09-05-2026 21:25:24 [WARN] Vista.FrameLogin - Fallo al iniciar sesión con user asd
09-05-2026 21:25:24 [WARN] Vista.FrameLogin - Fallo al iniciar sesión con user asd
09-05-2026 21:25:24 [WARN] Vista.FrameLogin - Fallo al iniciar sesión con user asd
09-05-2026 21:25:24 [WARN] Vista.FrameLogin - Fallo al iniciar sesión con user asd
09-05-2026 21:25:24 [WARN] Vista.FrameLogin - Fallo al iniciar sesión con user asd
09-05-2026 21:25:25 [WARN] Vista.FrameLogin - Fallo al iniciar sesión con user asd
09-05-2026 21:25:25 [WARN] Vista.FrameLogin - Fallo al iniciar sesión con user asd
09-05-2026 21:25:29 [WARN] Vista.FrameLogin - Fallo al iniciar sesión con user asd
09-05-2026 21:25:30 [WARN] Vista.FrameLogin - Fallo al iniciar sesión con user asd
09-05-2026 21:25:30 [WARN] Vista.FrameLogin - Fallo al iniciar sesión con user asd
09-05-2026 21:25:30 [WARN] Vista.FrameLogin - Fallo al iniciar sesión con user asd
09-05-2026 21:25:30 [WARN] Vista.FrameLogin - Fallo al iniciar sesión con user asd
09-05-2026 21:25:30 [WARN] Vista.FrameLogin - Fallo al iniciar sesión con user asd
09-05-2026 21:25:30 [WARN] Vista.FrameLogin - Fallo al iniciar sesión con user asd
09-05-2026 21:25:31 [WARN] Vista.FrameLogin - Fallo al iniciar sesión con user asd
09-05-2026 21:25:31 [WARN] Vista.FrameLogin - Fallo al iniciar sesión con user asd
09-05-2026 21:25:31 [WARN] Vista.FrameLogin - Fallo al iniciar sesión con user asd
09-05-2026 21:25:31 [WARN] Vista.FrameLogin - Fallo al iniciar sesión con user asd
09-05-2026 21:25:31 [WARN] Vista.FrameLogin - Fallo al iniciar sesión con user asd
09-05-2026 21:25:32 [WARN] Vista.FrameLogin - Fallo al iniciar sesión con user asd
09-05-2026 21:25:32 [WARN] Vista.FrameLogin - Fallo al iniciar sesión con user asd
09-05-2026 21:25:32 [WARN] Vista.FrameLogin - Fallo al iniciar sesión con user asd
09-05-2026 21:25:32 [WARN] Vista.FrameLogin - Fallo al iniciar sesión con user asd
09-05-2026 21:25:32 [WARN] Vista.FrameLogin - Fallo al iniciar sesión con user asd
09-05-2026 21:25:33 [WARN] Vista.FrameLogin - Fallo al iniciar sesión con user asd
09-05-2026 21:25:33 [WARN] Vista.FrameLogin - Fallo al iniciar sesión con user asd
09-05-2026 21:25:33 [WARN] Vista.FrameLogin - Fallo al iniciar sesión con user asd
09-05-2026 21:25:33 [WARN] Vista.FrameLogin - Fallo al iniciar sesión con user asd
09-05-2026 21:25:33 [WARN] Vista.FrameLogin - Fallo al iniciar sesión con user asd
09-05-2026 21:25:33 [WARN] Vista.FrameLogin - Fallo al iniciar sesión con user asd
09-05-2026 21:25:34 [WARN] Vista.FrameLogin - Fallo al iniciar sesión con user asd
09-05-2026 21:25:34 [WARN] Vista.FrameLogin - Fallo al iniciar sesión con user asd
09-05-2026 21:25:34 [WARN] Vista.FrameLogin - Fallo al iniciar sesión con user asd
09-05-2026 21:25:34 [WARN] Vista.FrameLogin - Fallo al iniciar sesión con user asd
09-05-2026 21:25:34 [WARN] Vista.FrameLogin - Fallo al iniciar sesión con user asd
09-05-2026 21:25:35 [WARN] Vista.FrameLogin - Fallo al iniciar sesión con user asd
09-05-2026 21:25:35 [WARN] Vista.FrameLogin - Fallo al iniciar sesión con user asd
09-05-2026 21:25:35 [WARN] Vista.FrameLogin - Fallo al iniciar sesión con user asd
09-05-2026 21:25:35 [WARN] Vista.FrameLogin - Fallo al iniciar sesión con user asd
09-05-2026 21:25:35 [WARN] Vista.FrameLogin - Fallo al iniciar sesión con user asd
09-05-2026 21:25:35 [WARN] Vista.FrameLogin - Fallo al iniciar sesión con user asd
09-05-2026 21:25:36 [WARN] Vista.FrameLogin - Fallo al iniciar sesión con user asd
09-05-2026 21:25:36 [WARN] Vista.FrameLogin - Fallo al iniciar sesión con user asd
09-05-2026 21:25:36 [WARN] Vista.FrameLogin - Fallo al iniciar sesión con user asd
09-05-2026 21:25:36 [WARN] Vista.FrameLogin - Fallo al iniciar sesión con user asd
09-05-2026 21:26:18 [INFO] Vista.FrameMenu - Usuario hecprooll ha iniciado sesión
09-05-2026 21:26:36 [INFO] Vista.FrameMenu - Usuario hecprooll ha cerrado sesión
11-05-2026 20:52:56 [INFO] Vista.FrameMenu - Usuario hecprooll ha iniciado sesión
11-05-2026 20:53:24 [INFO] Vista.FrameMenu - Usuario hecprooll ha cerrado sesión
11-05-2026 20:53:32 [INFO] Vista.FrameMenu - Usuario angel ha iniciado sesión
11-05-2026 20:53:35 [INFO] Vista.FrameMenu - Usuario angel ha cerrado sesión
11-05-2026 20:53:43 [INFO] Vista.FrameMenu - Usuario angel ha iniciado sesión
11-05-2026 20:54:26 [INFO] Vista.FrameMenu - Usuario angel ha cerrado sesión
11-05-2026 20:55:19 [INFO] Vista.FrameMenu - Usuario angel ha iniciado sesión
11-05-2026 20:55:20 [INFO] Vista.FrameMenu - Usuario angel ha cerrado sesión
11-05-2026 20:56:13 [INFO] Vista.FrameMenu - Usuario angel ha iniciado sesión
11-05-2026 21:13:25 [INFO] Vista.FrameMenu - Usuario angel ha cerrado sesión
12-05-2026 10:37:54 [WARN] Vista.FrameLogin - Fallo al iniciar sesión con user 
12-05-2026 10:37:56 [WARN] Vista.FrameLogin - Fallo al iniciar sesión con user 
12-05-2026 15:45:15 [WARN] Vista.FrameLogin - Fallo al iniciar sesión con user 
12-05-2026 15:45:26 [WARN] Vista.FrameLogin - Fallo al iniciar sesión con user hecprooll
12-05-2026 15:45:28 [INFO] Vista.FrameMenu - Usuario hecprooll ha iniciado sesión
12-05-2026 15:49:22 [INFO] Vista.FrameMenu - Usuario hecprooll ha iniciado sesión
12-05-2026 15:49:54 [INFO] Vista.FrameMenu - Usuario hecprooll ha cerrado sesión
12-05-2026 15:50:52 [INFO] Vista.FrameMenu - Usuario hecprooll ha iniciado sesión
12-05-2026 16:23:07 [INFO] Vista.FrameMenu - Usuario hecprooll ha iniciado sesión
12-05-2026 16:23:13 [INFO] Vista.FrameMenu - El usuario hecprooll ha borrado un empleado con clave: 199
12-05-2026 16:23:24 [INFO] Vista.FrameMenu - El usuario hecprooll ha insertado un nuevo departamento: Departamento{numDep=null, nombre='makslodmasldmas'}
12-05-2026 16:23:44 [INFO] Vista.FrameMenu - El usuario hecprooll ha borrado un departamento con clave: 6
12-05-2026 16:23:55 [INFO] Vista.FrameMenu - El usuario hecprooll ha borrado un vehiculo con clave: 0300-WXZ
12-05-2026 16:24:11 [INFO] Vista.FrameMenu - El usuario hecprooll ha borrado un cliente con clave: 00000200S
12-05-2026 16:24:25 [INFO] Vista.FrameMenu - El usuario hecprooll ha borrado un usuario con clave: 274
12-05-2026 16:25:06 [INFO] Vista.FrameMenu - El usuario hecprooll ha insertado un nuevo usuario: Usuario{id=null, nombre='maskdasldsakldasld', passwd='Sor2425$', rol='Empleado'}
12-05-2026 16:25:30 [INFO] Vista.FrameMenu - El usuario hecprooll ha insertado un nuevo empleado: Empleado{numEmpleado=null, nombre='awndioan', apellidos='amsdkdams', telefono='111111111', fechaNacimiento=2000-05-17, numGerente=null, numDep=5, id_usuario=275}
12-05-2026 16:25:45 [INFO] Vista.FrameMenu - El usuario hecprooll ha modificado un empleado: Empleado{numEmpleado=201, nombre='awndioana', apellidos='amsdkdams', telefono='111111111', fechaNacimiento=2000-05-17, numGerente=null, numDep=5, id_usuario=275}
12-05-2026 16:26:05 [INFO] Vista.FrameMenu - El usuario hecprooll ha modificado departamento: Departamento{numDep=4, nombre='Recursos Humanoss'}
12-05-2026 16:26:27 [INFO] Vista.FrameMenu - El usuario hecprooll ha modificado un vehículo: Vehiculo{matricula='0106-WSX', marca='Kia', modelo='Modelo106', tipoCombustible='Diésel', precio=301063.0, dniCliente='00000199R', numEmpleado=101}
12-05-2026 16:26:49 [INFO] Vista.FrameMenu - El usuario hecprooll ha modificado un cliente: Cliente{dni='00000199R', nombre='Clientasdasd', apellidos='Apelasdasd', telefono='610000199'}
12-05-2026 16:27:08 [INFO] Vista.FrameMenu - El usuario hecprooll ha modificado un usuario: Usuario{id=275, nombre='maskdaslds', passwd='Sor2425$', rol='Empleado'}
12-05-2026 16:27:17 [INFO] Vista.FrameMenu - Usuario hecprooll ha cerrado sesión
